<?xml version="1.0" encoding="UTF-8"?>
<!-- Generated by org.testng.reporters.JUnitReportReporter -->
<testsuite hostname="DESKTOP-LKO54JA" failures="0" tests="1" name="com.assignment.tests.APITest" time="6.512" errors="0" timestamp="2023-09-03T13:18:22 IST" skipped="0">
  <testcase classname="com.assignment.tests.APITest" name="testWeatherDataForCity" time="6.512"/>
  <system-out/>
</testsuite> <!-- com.assignment.tests.APITest -->
