<?xml version="1.0" encoding="UTF-8"?>
<!-- Generated by org.testng.reporters.JUnitReportReporter -->
<testsuite hostname="DESKTOP-LKO54JA" failures="0" tests="1" name="com.assignment.tests.TestAPI" time="4.728" errors="0" timestamp="2023-09-03T18:06:24 IST" skipped="0">
  <testcase classname="com.assignment.tests.TestAPI" name="statusCodeVerification" time="4.728"/>
  <system-out/>
</testsuite> <!-- com.assignment.tests.TestAPI -->
