<?xml version="1.0" encoding="UTF-8"?>
<!-- Generated by org.testng.reporters.JUnitReportReporter -->
<testsuite hostname="DESKTOP-LKO54JA" failures="0" tests="1" name="com.assignment.tests.APISampleTest" time="4.150" errors="0" timestamp="2023-09-03T13:18:44 IST" skipped="0">
  <testcase classname="com.assignment.tests.APISampleTest" name="statusCodeVerification" time="4.150"/>
  <system-out/>
</testsuite> <!-- com.assignment.tests.APISampleTest -->
