<?xml version="1.0" encoding="UTF-8"?>
<!-- Generated by org.testng.reporters.JUnitReportReporter -->
<testsuite hostname="DESKTOP-LKO54JA" failures="0" tests="2" name="com.assignment.tests.Sampletest" time="19.090" errors="0" timestamp="2023-09-03T13:13:53 IST" skipped="0">
  <testcase classname="com.assignment.tests.Sampletest" name="testWeatherForecastinFarenheit" time="10.692"/>
  <system-out/>
  <testcase classname="com.assignment.tests.Sampletest" name="testWeatherForecast" time="8.398"/>
  <system-out/>
</testsuite> <!-- com.assignment.tests.Sampletest -->
