<?xml version="1.0" encoding="UTF-8"?>
<!-- Generated by org.testng.reporters.JUnitReportReporter -->
<testsuite hostname="DESKTOP-LKO54JA" failures="0" tests="1" name="TestCases.Sampletest" time="93.634" errors="0" timestamp="2023-07-30T13:47:49 IST" skipped="0">
  <testcase classname="TestCases.Sampletest" name="testWeatherForecast" time="93.634"/>
  <system-out/>
</testsuite> <!-- TestCases.Sampletest -->
