<?xml version="1.0" encoding="UTF-8"?>
<!-- Generated by org.testng.reporters.JUnitReportReporter -->
<testsuite hostname="DESKTOP-LKO54JA" failures="0" tests="1" name="com.assignment.tests.APITest" time="4.735" errors="0" timestamp="2023-09-03T19:11:16 IST" skipped="0">
  <testcase classname="com.assignment.tests.APITest" name="statusCodeVerification" time="4.735"/>
  <system-out/>
</testsuite> <!-- com.assignment.tests.APITest -->
