<?xml version="1.0" encoding="UTF-8"?>
<!-- Generated by org.testng.reporters.JUnitReportReporter -->
<testsuite hostname="DESKTOP-LKO54JA" failures="0" tests="1" name="com.assignment.tests.VisualCrossingFrameworkTest" time="6.094" errors="0" timestamp="2023-08-10T21:10:09 IST" skipped="0">
  <testcase classname="com.assignment.tests.VisualCrossingFrameworkTest" name="readCity" time="6.094"/>
  <system-out/>
</testsuite> <!-- com.assignment.tests.VisualCrossingFrameworkTest -->
