<?xml version="1.0" encoding="UTF-8"?>
<!-- Generated by org.testng.reporters.JUnitReportReporter -->
<testsuite hostname="DESKTOP-LKO54JA" failures="0" tests="1" name="com.assignment.tests.VisualCrossingAPITest" time="5.923" errors="0" timestamp="2023-08-11T13:50:07 IST" skipped="0">
  <testcase classname="com.assignment.tests.VisualCrossingAPITest" name="statusCodeVerification" time="5.923"/>
  <system-out/>
</testsuite> <!-- com.assignment.tests.VisualCrossingAPITest -->
