<?xml version="1.0" encoding="UTF-8"?>
<!-- Generated by org.testng.reporters.JUnitReportReporter -->
<testsuite hostname="DESKTOP-LKO54JA" failures="0" tests="1" name="com.assignment.tests.TemplateAPITest" time="6.359" errors="0" timestamp="2023-09-05T20:08:19 IST" skipped="0">
  <testcase classname="com.assignment.tests.TemplateAPITest" name="testWeatherDataForCity" time="6.359"/>
  <system-out/>
</testsuite> <!-- com.assignment.tests.TemplateAPITest -->
