<?xml version="1.0" encoding="UTF-8"?>
<!-- Generated by org.testng.reporters.JUnitReportReporter -->
<testsuite hostname="DESKTOP-LKO54JA" failures="0" tests="2" name="com.assignment.tests.UITest" time="18.243" errors="0" timestamp="2023-09-08T22:07:53 IST" skipped="0">
  <testcase classname="com.assignment.tests.UITest" name="testWeatherForecast" time="6.855"/>
  <system-out/>
  <testcase classname="com.assignment.tests.UITest" name="testWeatherForecastinFarenheit" time="11.388"/>
  <system-out/>
</testsuite> <!-- com.assignment.tests.UITest -->
